<?xml version="1.0" encoding="UTF-8"?>
<testsuite name="전체 테이블 조회 테스트" tests="2" skipped="0" failures="0" errors="0" timestamp="2026-01-09T07:56:41.694Z" hostname="gimseong-gyuui-MacBookAir.local" time="0.002">
  <properties/>
  <testcase name="테이블이 없을 때 빈 리스트 반환" classname="study.db.server.service.TableServiceTest$GetAllTablesTest" time="0.001"/>
  <testcase name="모든 테이블 조회" classname="study.db.server.service.TableServiceTest$GetAllTablesTest" time="0.0"/>
  <system-out><![CDATA[]]></system-out>
  <system-err><![CDATA[]]></system-err>
</testsuite>
