<?xml version="1.0" encoding="UTF-8"?>
<testsuite name="encode() 테스트" tests="5" skipped="0" failures="0" errors="0" timestamp="2026-01-12T10:33:30.242Z" hostname="gimseong-gyuui-MacBookAir.local" time="0.002">
  <properties/>
  <testcase name="양수를 Big Endian 4바이트로 인코딩" classname="study.db.server.storage.IntFieldEncoderTest$EncodeTest" time="0.001"/>
  <testcase name="음수(-1)를 인코딩" classname="study.db.server.storage.IntFieldEncoderTest$EncodeTest" time="0.0"/>
  <testcase name="Int.MAX_VALUE를 인코딩" classname="study.db.server.storage.IntFieldEncoderTest$EncodeTest" time="0.001"/>
  <testcase name="Int.MIN_VALUE를 인코딩" classname="study.db.server.storage.IntFieldEncoderTest$EncodeTest" time="0.0"/>
  <testcase name="0을 인코딩" classname="study.db.server.storage.IntFieldEncoderTest$EncodeTest" time="0.0"/>
  <system-out><![CDATA[]]></system-out>
  <system-err><![CDATA[]]></system-err>
</testsuite>
