<?xml version="1.0" encoding="UTF-8"?>
<testsuite name="인증 테스트" tests="3" skipped="0" failures="0" errors="0" timestamp="2026-01-09T07:56:40.043Z" hostname="gimseong-gyuui-MacBookAir.local" time="0.345">
  <properties/>
  <testcase name="AUTH 형식이 아닌 메시지로 프로토콜 에러" classname="study.db.server.engine.ConnectionHandlerTest$AuthenticationTest" time="0.131"/>
  <testcase name="잘못된 인증 정보로 인증 실패" classname="study.db.server.engine.ConnectionHandlerTest$AuthenticationTest" time="0.107"/>
  <testcase name="올바른 인증 정보로 인증 성공" classname="study.db.server.engine.ConnectionHandlerTest$AuthenticationTest" time="0.105"/>
  <system-out><![CDATA[]]></system-out>
  <system-err><![CDATA[]]></system-err>
</testsuite>
