<?xml version="1.0" encoding="UTF-8"?>
<testsuite name="인증 테스트" tests="3" skipped="0" failures="0" errors="0" timestamp="2026-01-12T11:55:21.406Z" hostname="gimseong-gyuui-MacBookAir.local" time="0.415">
  <properties/>
  <testcase name="AUTH 형식이 아닌 메시지로 프로토콜 에러" classname="study.db.server.engine.ConnectionHandlerTest$AuthenticationTest" time="0.201"/>
  <testcase name="잘못된 인증 정보로 인증 실패" classname="study.db.server.engine.ConnectionHandlerTest$AuthenticationTest" time="0.105"/>
  <testcase name="올바른 인증 정보로 인증 성공" classname="study.db.server.engine.ConnectionHandlerTest$AuthenticationTest" time="0.108"/>
  <system-out><![CDATA[2026-01-12 20:55:21.601 [pool-1-thread-2] ERROR s.db.server.engine.ConnectionHandler - Connection 1 unexpected error: Index: 1, Size: 1
java.lang.IndexOutOfBoundsException: Index: 1, Size: 1
	at java.base/java.util.Collections$SingletonList.get(Collections.java:4959)
	at study.db.server.engine.ConnectionHandler.handleAuth(ConnectionHandler.kt:202)
	at study.db.server.engine.ConnectionHandler.handleMessage(ConnectionHandler.kt:175)
	at study.db.server.engine.ConnectionHandler.run(ConnectionHandler.kt:108)
	at java.base/java.util.concurrent.Executors$RunnableAdapter.call(Executors.java:539)
	at java.base/java.util.concurrent.FutureTask.run(FutureTask.java:264)
	at java.base/java.util.concurrent.ThreadPoolExecutor.runWorker(ThreadPoolExecutor.java:1136)
	at java.base/java.util.concurrent.ThreadPoolExecutor$Worker.run(ThreadPoolExecutor.java:635)
	at java.base/java.lang.Thread.run(Thread.java:840)
2026-01-12 20:55:21.604 [pool-1-thread-2] INFO  s.db.server.engine.ConnectionHandler - Connection 1 closed successfully
2026-01-12 20:55:21.713 [pool-2-thread-2] INFO  s.db.server.engine.ConnectionHandler - Connection 1 closed successfully
2026-01-12 20:55:21.821 [pool-3-thread-2] WARN  s.db.server.engine.ConnectionHandler - Connection 1 socket error: Socket closed
2026-01-12 20:55:21.821 [pool-3-thread-2] INFO  s.db.server.engine.ConnectionHandler - Connection 1 closed successfully
]]></system-out>
  <system-err><![CDATA[]]></system-err>
</testsuite>
