<?xml version="1.0" encoding="UTF-8"?>
<testsuite name="생성 테스트" tests="3" skipped="0" failures="0" errors="0" timestamp="2026-01-09T12:51:17.883Z" hostname="gimseong-gyuui-MacBookAir.local" time="0.0">
  <properties/>
  <testcase name="큰 데이터로 생성" classname="study.db.server.storage.PageTest$CreationTest" time="0.0"/>
  <testcase name="기본 생성" classname="study.db.server.storage.PageTest$CreationTest" time="0.0"/>
  <testcase name="빈 데이터로 생성" classname="study.db.server.storage.PageTest$CreationTest" time="0.0"/>
  <system-out><![CDATA[]]></system-out>
  <system-err><![CDATA[]]></system-err>
</testsuite>
