<?xml version="1.0" encoding="UTF-8"?>
<testsuite name="에러 처리 테스트" tests="2" skipped="0" failures="0" errors="0" timestamp="2026-01-12T11:55:22.043Z" hostname="gimseong-gyuui-MacBookAir.local" time="0.522">
  <properties/>
  <testcase name="소켓 종료 시 예외 처리" classname="study.db.server.engine.ConnectionHandlerTest$ErrorHandlingTest" time="0.258"/>
  <testcase name="연결 끊김 시 리소스 정리" classname="study.db.server.engine.ConnectionHandlerTest$ErrorHandlingTest" time="0.263"/>
  <system-out><![CDATA[2026-01-12 20:55:22.200 [pool-6-thread-2] INFO  s.db.server.engine.ConnectionHandler - Connection 1 closed by client
2026-01-12 20:55:22.201 [pool-6-thread-2] INFO  s.db.server.engine.ConnectionHandler - Connection 1 closed successfully
2026-01-12 20:55:22.461 [pool-7-thread-2] WARN  s.db.server.engine.ConnectionHandler - Connection 1 socket error: Connection reset
2026-01-12 20:55:22.461 [pool-7-thread-2] INFO  s.db.server.engine.ConnectionHandler - Connection 1 closed successfully
]]></system-out>
  <system-err><![CDATA[]]></system-err>
</testsuite>
