<?xml version="1.0" encoding="UTF-8"?>
<testsuite name="데이터 접근 테스트" tests="2" skipped="0" failures="0" errors="0" timestamp="2026-01-12T10:33:30.300Z" hostname="gimseong-gyuui-MacBookAir.local" time="0.0">
  <properties/>
  <testcase name="data 필드 접근" classname="study.db.server.storage.PageTest$DataAccessTest" time="0.0"/>
  <testcase name="id 필드 접근" classname="study.db.server.storage.PageTest$DataAccessTest" time="0.0"/>
  <system-out><![CDATA[]]></system-out>
  <system-err><![CDATA[]]></system-err>
</testsuite>
