<?xml version="1.0" encoding="UTF-8"?>
<testsuite name="테이블 생성 테스트" tests="4" skipped="0" failures="0" errors="0" timestamp="2026-01-12T10:33:30.224Z" hostname="gimseong-gyuui-MacBookAir.local" time="0.003">
  <properties/>
  <testcase name="여러 컬럼을 가진 테이블 생성" classname="study.db.server.service.TableServiceTest$CreateTableTest" time="0.002"/>
  <testcase name="여러 테이블 생성" classname="study.db.server.service.TableServiceTest$CreateTableTest" time="0.0"/>
  <testcase name="빈 컬럼으로 테이블 생성" classname="study.db.server.service.TableServiceTest$CreateTableTest" time="0.0"/>
  <testcase name="기본 테이블 생성" classname="study.db.server.service.TableServiceTest$CreateTableTest" time="0.0"/>
  <system-out><![CDATA[]]></system-out>
  <system-err><![CDATA[]]></system-err>
</testsuite>
