<?xml version="1.0" encoding="UTF-8"?>
<testsuite name="decodeRow() 테스트" tests="4" skipped="0" failures="0" errors="0" timestamp="2026-01-09T12:51:17.889Z" hostname="gimseong-gyuui-MacBookAir.local" time="0.001">
  <properties/>
  <testcase name="단일 컬럼 디코딩" classname="study.db.server.storage.RowEncoderTest$DecodeRowTest" time="0.0"/>
  <testcase name="다중 컬럼 디코딩" classname="study.db.server.storage.RowEncoderTest$DecodeRowTest" time="0.0"/>
  <testcase name="빈 배열 디코딩" classname="study.db.server.storage.RowEncoderTest$DecodeRowTest" time="0.001"/>
  <testcase name="음수 포함 디코딩" classname="study.db.server.storage.RowEncoderTest$DecodeRowTest" time="0.0"/>
  <system-out><![CDATA[]]></system-out>
  <system-err><![CDATA[]]></system-err>
</testsuite>
