<?xml version="1.0" encoding="UTF-8"?>
<testsuite name="데이터 무결성 테스트" tests="2" skipped="0" failures="0" errors="0" timestamp="2026-01-07T07:39:31.517Z" hostname="gimseong-gyuui-MacBookAir.local" time="0.003">
  <properties/>
  <testcase name="연속 페이지의 데이터 연속성" classname="study.db.server.storage.PageManagerTest$DataIntegrityTest" time="0.002"/>
  <testcase name="동일 페이지 여러 번 읽기" classname="study.db.server.storage.PageManagerTest$DataIntegrityTest" time="0.001"/>
  <system-out><![CDATA[]]></system-out>
  <system-err><![CDATA[]]></system-err>
</testsuite>
