<?xml version="1.0" encoding="UTF-8"?>
<testsuite name="decode() 테스트" tests="5" skipped="0" failures="0" errors="0" timestamp="2026-01-09T12:51:17.831Z" hostname="gimseong-gyuui-MacBookAir.local" time="0.002">
  <properties/>
  <testcase name="Int.MAX_VALUE 바이트 배열을 디코딩" classname="study.db.server.storage.IntFieldEncoderTest$DecodeTest" time="0.0"/>
  <testcase name="양수 바이트 배열을 디코딩" classname="study.db.server.storage.IntFieldEncoderTest$DecodeTest" time="0.0"/>
  <testcase name="Int.MIN_VALUE 바이트 배열을 디코딩" classname="study.db.server.storage.IntFieldEncoderTest$DecodeTest" time="0.0"/>
  <testcase name="음수(-1) 바이트 배열을 디코딩" classname="study.db.server.storage.IntFieldEncoderTest$DecodeTest" time="0.0"/>
  <testcase name="0 바이트 배열을 디코딩" classname="study.db.server.storage.IntFieldEncoderTest$DecodeTest" time="0.001"/>
  <system-out><![CDATA[]]></system-out>
  <system-err><![CDATA[]]></system-err>
</testsuite>
