<?xml version="1.0" encoding="UTF-8"?>
<testsuite name="readAt() 테스트" tests="4" skipped="0" failures="0" errors="0" timestamp="2026-01-07T07:39:31.564Z" hostname="gimseong-gyuui-MacBookAir.local" time="0.006">
  <properties/>
  <testcase name="중간 페이지 조회" classname="study.db.server.storage.PageManagerTest$ReadAtTest" time="0.001"/>
  <testcase name="마지막 페이지 조회" classname="study.db.server.storage.PageManagerTest$ReadAtTest" time="0.002"/>
  <testcase name="특정 페이지 ID로 데이터 조회" classname="study.db.server.storage.PageManagerTest$ReadAtTest" time="0.001"/>
  <testcase name="첫 번째 페이지(id=0) 조회" classname="study.db.server.storage.PageManagerTest$ReadAtTest" time="0.001"/>
  <system-out><![CDATA[]]></system-out>
  <system-err><![CDATA[]]></system-err>
</testsuite>
