<?xml version="1.0" encoding="UTF-8"?>
<testsuite name="테이블 조회 테스트" tests="3" skipped="0" failures="0" errors="0" timestamp="2026-01-09T07:56:41.701Z" hostname="gimseong-gyuui-MacBookAir.local" time="0.002">
  <properties/>
  <testcase name="존재하는 테이블 조회" classname="study.db.server.service.TableServiceTest$SelectTest" time="0.001"/>
  <testcase name="존재하지 않는 테이블 조회 시 null 반환" classname="study.db.server.service.TableServiceTest$SelectTest" time="0.0"/>
  <testcase name="데이터가 있는 테이블 조회" classname="study.db.server.service.TableServiceTest$SelectTest" time="0.001"/>
  <system-out><![CDATA[]]></system-out>
  <system-err><![CDATA[]]></system-err>
</testsuite>
