<?xml version="1.0" encoding="UTF-8"?>
<testsuite name="테이블 존재 확인 테스트" tests="3" skipped="0" failures="0" errors="0" timestamp="2026-01-09T12:51:17.829Z" hostname="gimseong-gyuui-MacBookAir.local" time="0.001">
  <properties/>
  <testcase name="삭제된 테이블은 존재하지 않음" classname="study.db.server.service.TableServiceTest$TableExistsTest" time="0.0"/>
  <testcase name="존재하지 않는 테이블 확인" classname="study.db.server.service.TableServiceTest$TableExistsTest" time="0.0"/>
  <testcase name="존재하는 테이블 확인" classname="study.db.server.service.TableServiceTest$TableExistsTest" time="0.0"/>
  <system-out><![CDATA[]]></system-out>
  <system-err><![CDATA[]]></system-err>
</testsuite>
